C:\Program Files (x86)\Microsoft Visual Studio\2019\Community\MSBuild\Microsoft\VC\v160\Microsoft.CppBuild.targets(475,5): warning MSB8029: Промежуточный каталог или каталог выхода не может располагаться во временном каталоге, потому что это может стать причиной проблем с добавочной сборкой.
  proj.cpp
C:\Users\france\source\ADAS\proj\proj\proj.cpp(37,28): warning C4244: аргумент: преобразование "int" в "_Tp", возможна потеря данных
          with
          [
              _Tp=float
          ]
C:\Users\france\source\ADAS\proj\proj\proj.cpp(37,25): warning C4244: аргумент: преобразование "int" в "_Tp", возможна потеря данных
          with
          [
              _Tp=float
          ]
C:\Users\france\source\ADAS\proj\proj\proj.cpp(117,47): warning C4244: аргумент: преобразование "_Tp" в "_Tp", возможна потеря данных
          with
          [
              _Tp=int
          ]
          and
          [
              _Tp=float
          ]
C:\Users\france\source\ADAS\proj\proj\proj.cpp(117,41): warning C4244: аргумент: преобразование "_Tp" в "_Tp", возможна потеря данных
          with
          [
              _Tp=int
          ]
          and
          [
              _Tp=float
          ]
C:\Users\france\source\ADAS\proj\proj\proj.cpp(118,47): warning C4244: аргумент: преобразование "_Tp" в "_Tp", возможна потеря данных
          with
          [
              _Tp=int
          ]
          and
          [
              _Tp=float
          ]
C:\Users\france\source\ADAS\proj\proj\proj.cpp(118,41): warning C4244: аргумент: преобразование "_Tp" в "_Tp", возможна потеря данных
          with
          [
              _Tp=int
          ]
          and
          [
              _Tp=float
          ]
  proj.vcxproj -> C:\Users\france\source\ADAS\proj\x64\Debug\proj.exe
